2024-12-09 16:55:05,688 [INFO] Seed: 456
2024-12-09 16:55:05,709 [INFO] locals/model --> SimpleNet(
  (conv1): Conv1d(3, 8, kernel_size=(5,), stride=(1,), padding=(2,))
  (conv2): Conv1d(8, 8, kernel_size=(5,), stride=(1,), padding=(2,))
  (fc1): Linear(in_features=64, out_features=5, bias=True)
)
2024-12-09 16:55:05,709 [INFO] locals/loss_fn --> CrossEntropyLoss()
2024-12-09 16:55:05,709 [INFO] locals/optimizer --> SGD (
Parameter Group 0
    dampening: 0
    differentiable: False
    foreach: None
    initial_lr: 0.01
    lr: 0.01
    maximize: False
    momentum: 0.9
    nesterov: False
    weight_decay: 0.0001
)
2024-12-09 16:55:05,709 [INFO] locals/log_name --> dsads_contig/seed456_activities_[ 9 11 15 17 18]
2024-12-09 16:55:05,709 [INFO] locals/epochs --> 50
2024-12-09 16:55:05,709 [INFO] locals/ese --> 20
2024-12-09 16:55:05,710 [INFO] locals/device --> cuda
2024-12-09 16:55:05,710 [INFO] locals/train_loader --> <torch.utils.data.dataloader.DataLoader object at 0x7fced2878150>
2024-12-09 16:55:05,710 [INFO] locals/val_loader --> <torch.utils.data.dataloader.DataLoader object at 0x7fced2854290>
2024-12-09 16:55:05,710 [INFO] locals/logger --> <RootLogger root (INFO)>
2024-12-09 16:55:05,710 [INFO] locals/lr_scheduler --> <torch.optim.lr_scheduler.CosineAnnealingLR object at 0x7fced2f39010>
2024-12-09 16:55:05,710 [INFO] locals/log_freq --> 20
2024-12-09 16:55:05,710 [INFO] locals/writer --> <torch.utils.tensorboard.writer.SummaryWriter object at 0x7fced28556d0>
2024-12-09 16:55:05,710 [INFO] ****************************************** Training Started ******************************************
2024-12-09 16:55:05,819 [INFO] Train Epoch: 0 [128/52498 (0%)] train loss: 1.610
2024-12-09 16:55:05,848 [INFO] Train Epoch: 0 [2688/52498 (5%)] train loss: 1.590
2024-12-09 16:55:05,875 [INFO] Train Epoch: 0 [5248/52498 (10%)] train loss: 1.561
2024-12-09 16:55:05,901 [INFO] Train Epoch: 0 [7808/52498 (15%)] train loss: 1.495
2024-12-09 16:55:05,928 [INFO] Train Epoch: 0 [10368/52498 (20%)] train loss: 1.343
2024-12-09 16:55:05,955 [INFO] Train Epoch: 0 [12928/52498 (25%)] train loss: 1.200
2024-12-09 16:55:05,982 [INFO] Train Epoch: 0 [15488/52498 (30%)] train loss: 1.141
2024-12-09 16:55:06,010 [INFO] Train Epoch: 0 [18048/52498 (34%)] train loss: 1.029
2024-12-09 16:55:06,037 [INFO] Train Epoch: 0 [20608/52498 (39%)] train loss: 0.969
2024-12-09 16:55:06,065 [INFO] Train Epoch: 0 [23168/52498 (44%)] train loss: 1.047
2024-12-09 16:55:06,092 [INFO] Train Epoch: 0 [25728/52498 (49%)] train loss: 0.948
2024-12-09 16:55:06,120 [INFO] Train Epoch: 0 [28288/52498 (54%)] train loss: 0.997
2024-12-09 16:55:06,148 [INFO] Train Epoch: 0 [30848/52498 (59%)] train loss: 0.896
2024-12-09 16:55:06,175 [INFO] Train Epoch: 0 [33408/52498 (64%)] train loss: 0.947
2024-12-09 16:55:06,203 [INFO] Train Epoch: 0 [35968/52498 (69%)] train loss: 0.883
2024-12-09 16:55:06,230 [INFO] Train Epoch: 0 [38528/52498 (73%)] train loss: 0.858
2024-12-09 16:55:06,257 [INFO] Train Epoch: 0 [41088/52498 (78%)] train loss: 0.845
2024-12-09 16:55:06,285 [INFO] Train Epoch: 0 [43648/52498 (83%)] train loss: 0.889
2024-12-09 16:55:06,312 [INFO] Train Epoch: 0 [46208/52498 (88%)] train loss: 0.882
2024-12-09 16:55:06,340 [INFO] Train Epoch: 0 [48768/52498 (93%)] train loss: 0.840
2024-12-09 16:55:06,368 [INFO] Train Epoch: 0 [51328/52498 (98%)] train loss: 0.836
2024-12-09 16:55:06,585 [INFO] Train Epoch: 0, val_acc: 0.765, val_f1: 0.744, val loss: 0.826
2024-12-09 16:55:06,586 [INFO] ==================== best validation metric ====================
2024-12-09 16:55:06,586 [INFO] Train Epoch: 0, val_acc: 0.765, val_f1: 0.744, val loss: 0.826
2024-12-09 16:55:06,704 [INFO] Train Epoch: 1 [128/52498 (0%)] train loss: 0.850
2024-12-09 16:55:06,740 [INFO] Train Epoch: 1 [2688/52498 (5%)] train loss: 0.790
2024-12-09 16:55:06,767 [INFO] Train Epoch: 1 [5248/52498 (10%)] train loss: 0.831
2024-12-09 16:55:06,794 [INFO] Train Epoch: 1 [7808/52498 (15%)] train loss: 0.810
2024-12-09 16:55:06,822 [INFO] Train Epoch: 1 [10368/52498 (20%)] train loss: 0.811
2024-12-09 16:55:06,851 [INFO] Train Epoch: 1 [12928/52498 (25%)] train loss: 0.787
2024-12-09 16:55:06,879 [INFO] Train Epoch: 1 [15488/52498 (30%)] train loss: 0.757
2024-12-09 16:55:06,907 [INFO] Train Epoch: 1 [18048/52498 (34%)] train loss: 0.726
2024-12-09 16:55:06,934 [INFO] Train Epoch: 1 [20608/52498 (39%)] train loss: 0.758
2024-12-09 16:55:06,959 [INFO] Train Epoch: 1 [23168/52498 (44%)] train loss: 0.753
2024-12-09 16:55:06,988 [INFO] Train Epoch: 1 [25728/52498 (49%)] train loss: 0.743
2024-12-09 16:55:07,016 [INFO] Train Epoch: 1 [28288/52498 (54%)] train loss: 0.810
2024-12-09 16:55:07,043 [INFO] Train Epoch: 1 [30848/52498 (59%)] train loss: 0.831
2024-12-09 16:55:07,070 [INFO] Train Epoch: 1 [33408/52498 (64%)] train loss: 0.739
2024-12-09 16:55:07,096 [INFO] Train Epoch: 1 [35968/52498 (69%)] train loss: 0.792
2024-12-09 16:55:07,122 [INFO] Train Epoch: 1 [38528/52498 (73%)] train loss: 0.750
2024-12-09 16:55:07,150 [INFO] Train Epoch: 1 [41088/52498 (78%)] train loss: 0.721
2024-12-09 16:55:07,179 [INFO] Train Epoch: 1 [43648/52498 (83%)] train loss: 0.674
2024-12-09 16:55:07,208 [INFO] Train Epoch: 1 [46208/52498 (88%)] train loss: 0.739
2024-12-09 16:55:07,235 [INFO] Train Epoch: 1 [48768/52498 (93%)] train loss: 0.673
2024-12-09 16:55:07,261 [INFO] Train Epoch: 1 [51328/52498 (98%)] train loss: 0.760
2024-12-09 16:55:07,468 [INFO] Train Epoch: 1, val_acc: 0.834, val_f1: 0.827, val loss: 0.725
2024-12-09 16:55:07,469 [INFO] ==================== best validation metric ====================
2024-12-09 16:55:07,469 [INFO] Train Epoch: 1, val_acc: 0.834, val_f1: 0.827, val loss: 0.725
2024-12-09 16:55:07,574 [INFO] Train Epoch: 2 [128/52498 (0%)] train loss: 0.692
2024-12-09 16:55:07,607 [INFO] Train Epoch: 2 [2688/52498 (5%)] train loss: 0.751
