2024-12-09 23:05:49,442 [INFO] Seed: 789
2024-12-09 23:05:49,463 [INFO] locals/model --> SimpleNet(
  (conv1): Conv1d(3, 8, kernel_size=(5,), stride=(1,), padding=(2,))
  (conv2): Conv1d(8, 8, kernel_size=(5,), stride=(1,), padding=(2,))
  (fc1): Linear(in_features=64, out_features=6, bias=True)
)
2024-12-09 23:05:49,463 [INFO] locals/loss_fn --> CrossEntropyLoss()
2024-12-09 23:05:49,463 [INFO] locals/optimizer --> SGD (
Parameter Group 0
    dampening: 0
    differentiable: False
    foreach: None
    initial_lr: 0.01
    lr: 0.01
    maximize: False
    momentum: 0.9
    nesterov: False
    weight_decay: 0.0001
)
2024-12-09 23:05:49,463 [INFO] locals/log_name --> dsads_contig/seed789_activities_[ 0  9 11 15 17 18]
2024-12-09 23:05:49,464 [INFO] locals/epochs --> 50
2024-12-09 23:05:49,464 [INFO] locals/ese --> 20
2024-12-09 23:05:49,464 [INFO] locals/device --> cuda
2024-12-09 23:05:49,464 [INFO] locals/train_loader --> <torch.utils.data.dataloader.DataLoader object at 0x7f1cec44ea50>
2024-12-09 23:05:49,464 [INFO] locals/val_loader --> <torch.utils.data.dataloader.DataLoader object at 0x7f1cec316ed0>
2024-12-09 23:05:49,464 [INFO] locals/logger --> <RootLogger root (INFO)>
2024-12-09 23:05:49,464 [INFO] locals/lr_scheduler --> <torch.optim.lr_scheduler.CosineAnnealingLR object at 0x7f1cf1b41ad0>
2024-12-09 23:05:49,464 [INFO] locals/log_freq --> 20
2024-12-09 23:05:49,464 [INFO] locals/writer --> <torch.utils.tensorboard.writer.SummaryWriter object at 0x7f1cec7dde10>
2024-12-09 23:05:49,464 [INFO] ****************************************** Training Started ******************************************
2024-12-09 23:05:49,577 [INFO] Train Epoch: 0 [128/62998 (0%)] train loss: 1.799
2024-12-09 23:05:49,620 [INFO] Train Epoch: 0 [2688/62998 (4%)] train loss: 1.790
2024-12-09 23:05:49,663 [INFO] Train Epoch: 0 [5248/62998 (8%)] train loss: 1.767
2024-12-09 23:05:49,703 [INFO] Train Epoch: 0 [7808/62998 (12%)] train loss: 1.716
2024-12-09 23:05:49,740 [INFO] Train Epoch: 0 [10368/62998 (16%)] train loss: 1.478
2024-12-09 23:05:49,768 [INFO] Train Epoch: 0 [12928/62998 (21%)] train loss: 1.358
2024-12-09 23:05:49,794 [INFO] Train Epoch: 0 [15488/62998 (25%)] train loss: 1.311
2024-12-09 23:05:49,821 [INFO] Train Epoch: 0 [18048/62998 (29%)] train loss: 1.222
2024-12-09 23:05:49,850 [INFO] Train Epoch: 0 [20608/62998 (33%)] train loss: 1.213
2024-12-09 23:05:49,876 [INFO] Train Epoch: 0 [23168/62998 (37%)] train loss: 1.134
2024-12-09 23:05:49,904 [INFO] Train Epoch: 0 [25728/62998 (41%)] train loss: 1.081
2024-12-09 23:05:49,932 [INFO] Train Epoch: 0 [28288/62998 (45%)] train loss: 1.115
2024-12-09 23:05:49,960 [INFO] Train Epoch: 0 [30848/62998 (49%)] train loss: 0.978
2024-12-09 23:05:49,986 [INFO] Train Epoch: 0 [33408/62998 (53%)] train loss: 1.034
2024-12-09 23:05:50,014 [INFO] Train Epoch: 0 [35968/62998 (57%)] train loss: 0.978
2024-12-09 23:05:50,040 [INFO] Train Epoch: 0 [38528/62998 (61%)] train loss: 1.036
2024-12-09 23:05:50,068 [INFO] Train Epoch: 0 [41088/62998 (65%)] train loss: 0.987
2024-12-09 23:05:50,097 [INFO] Train Epoch: 0 [43648/62998 (69%)] train loss: 0.959
2024-12-09 23:05:50,124 [INFO] Train Epoch: 0 [46208/62998 (73%)] train loss: 0.905
2024-12-09 23:05:50,152 [INFO] Train Epoch: 0 [48768/62998 (77%)] train loss: 0.898
2024-12-09 23:05:50,180 [INFO] Train Epoch: 0 [51328/62998 (82%)] train loss: 0.870
2024-12-09 23:05:50,207 [INFO] Train Epoch: 0 [53888/62998 (86%)] train loss: 0.855
2024-12-09 23:05:50,238 [INFO] Train Epoch: 0 [56448/62998 (90%)] train loss: 0.841
2024-12-09 23:05:50,265 [INFO] Train Epoch: 0 [59008/62998 (94%)] train loss: 0.897
2024-12-09 23:05:50,293 [INFO] Train Epoch: 0 [61568/62998 (98%)] train loss: 0.826
2024-12-09 23:05:50,551 [INFO] Train Epoch: 0, val_acc: 0.804, val_f1: 0.801, val loss: 0.817
2024-12-09 23:05:50,551 [INFO] ==================== best validation metric ====================
2024-12-09 23:05:50,551 [INFO] Train Epoch: 0, val_acc: 0.804, val_f1: 0.801, val loss: 0.817
2024-12-09 23:05:50,687 [INFO] Train Epoch: 1 [128/62998 (0%)] train loss: 0.769
2024-12-09 23:05:50,715 [INFO] Train Epoch: 1 [2688/62998 (4%)] train loss: 0.861
2024-12-09 23:05:50,741 [INFO] Train Epoch: 1 [5248/62998 (8%)] train loss: 0.867
2024-12-09 23:05:50,770 [INFO] Train Epoch: 1 [7808/62998 (12%)] train loss: 0.744
2024-12-09 23:05:50,797 [INFO] Train Epoch: 1 [10368/62998 (16%)] train loss: 0.770
2024-12-09 23:05:50,824 [INFO] Train Epoch: 1 [12928/62998 (21%)] train loss: 0.756
2024-12-09 23:05:50,851 [INFO] Train Epoch: 1 [15488/62998 (25%)] train loss: 0.747
2024-12-09 23:05:50,879 [INFO] Train Epoch: 1 [18048/62998 (29%)] train loss: 0.739
2024-12-09 23:05:50,908 [INFO] Train Epoch: 1 [20608/62998 (33%)] train loss: 0.779
2024-12-09 23:05:50,935 [INFO] Train Epoch: 1 [23168/62998 (37%)] train loss: 0.756
2024-12-09 23:05:50,962 [INFO] Train Epoch: 1 [25728/62998 (41%)] train loss: 0.743
2024-12-09 23:05:50,988 [INFO] Train Epoch: 1 [28288/62998 (45%)] train loss: 0.758
2024-12-09 23:05:51,018 [INFO] Train Epoch: 1 [30848/62998 (49%)] train loss: 0.727
2024-12-09 23:05:51,045 [INFO] Train Epoch: 1 [33408/62998 (53%)] train loss: 0.722
2024-12-09 23:05:51,072 [INFO] Train Epoch: 1 [35968/62998 (57%)] train loss: 0.720
2024-12-09 23:05:51,100 [INFO] Train Epoch: 1 [38528/62998 (61%)] train loss: 0.736
2024-12-09 23:05:51,131 [INFO] Train Epoch: 1 [41088/62998 (65%)] train loss: 0.688
2024-12-09 23:05:51,159 [INFO] Train Epoch: 1 [43648/62998 (69%)] train loss: 0.778
2024-12-09 23:05:51,187 [INFO] Train Epoch: 1 [46208/62998 (73%)] train loss: 0.661
2024-12-09 23:05:51,215 [INFO] Train Epoch: 1 [48768/62998 (77%)] train loss: 0.737
2024-12-09 23:05:51,242 [INFO] Train Epoch: 1 [51328/62998 (82%)] train loss: 0.721
2024-12-09 23:05:51,271 [INFO] Train Epoch: 1 [53888/62998 (86%)] train loss: 0.729
2024-12-09 23:05:51,300 [INFO] Train Epoch: 1 [56448/62998 (90%)] train loss: 0.699
2024-12-09 23:05:51,327 [INFO] Train Epoch: 1 [59008/62998 (94%)] train loss: 0.752
2024-12-09 23:05:51,356 [INFO] Train Epoch: 1 [61568/62998 (98%)] train loss: 0.815
2024-12-09 23:05:51,600 [INFO] Train Epoch: 1, val_acc: 0.846, val_f1: 0.846, val loss: 0.732
2024-12-09 23:05:51,600 [INFO] ==================== best validation metric ====================
2024-12-09 23:05:51,600 [INFO] Train Epoch: 1, val_acc: 0.846, val_f1: 0.846, val loss: 0.732
2024-12-09 23:05:51,730 [INFO] Train Epoch: 2 [128/62998 (0%)] train loss: 0.778
2024-12-09 23:05:51,759 [INFO] Train Epoch: 2 [2688/62998 (4%)] train loss: 0.745
2024-12-09 23:05:51,789 [INFO] Train Epoch: 2 [5248/62998 (8%)] train loss: 0.742
2024-12-09 23:05:51,816 [INFO] Train Epoch: 2 [7808/62998 (12%)] train loss: 0.704
2024-12-09 23:05:51,843 [INFO] Train Epoch: 2 [10368/62998 (16%)] train loss: 0.727
2024-12-09 23:05:51,870 [INFO] Train Epoch: 2 [12928/62998 (21%)] train loss: 0.748
2024-12-09 23:05:51,903 [INFO] Train Epoch: 2 [15488/62998 (25%)] train loss: 0.748
